<?xml version="1.0" encoding="UTF-8"?>
<!-- Generated by org.testng.reporters.JUnitReportReporter -->
<testsuite hostname="Nitinkawde" failures="0" tests="2" name="com.mystore.testcases.TC_myaccountPage" time="4.087" errors="0" timestamp="2024-03-15T12:26:52 IST" skipped="1">
  <testcase classname="com.mystore.testcases.TC_myaccountPage" name="VerifyLogin" time="4.087"/>
  <testcase classname="com.mystore.testcases.TC_myaccountPage" name="verifyRegistrationAndLogin">
    <skipped/>
  </testcase> <!-- verifyRegistrationAndLogin -->
</testsuite> <!-- com.mystore.testcases.TC_myaccountPage -->
